<?xml version="1.0" encoding="UTF-8"?>
<!-- Generated by org.testng.reporters.JUnitReportReporter -->
<testsuite hostname="Sachin" failures="0" tests="1" name="Basic.Orginisation_page" time="2.304" errors="0" timestamp="2024-03-15T12:54:53 IST" skipped="0">
  <testcase classname="Basic.Orginisation_page" name="CreateOrginasationTest" time="2.304"/>
  <system-out/>
</testsuite> <!-- Basic.Orginisation_page -->
