<?xml version="1.0" encoding="UTF-8"?>
<!-- Generated by org.testng.reporters.JUnitReportReporter -->
<testsuite hostname="Sachin" failures="0" tests="1" name="Basic.Contactstest" time="3.064" errors="0" timestamp="2024-03-16T12:29:40 IST" skipped="0">
  <testcase classname="Basic.Contactstest" name="CreateOrginasationTest" time="3.064"/>
  <system-out/>
</testsuite> <!-- Basic.Contactstest -->
