<?xml version="1.0" encoding="UTF-8"?>
<!-- Generated by org.testng.reporters.JUnitReportReporter -->
<testsuite hostname="Sachin" failures="0" tests="1" name="Basic.Ajjiotest" time="31.665" errors="0" timestamp="2024-03-23T09:39:47 IST" skipped="0">
  <testcase classname="Basic.Ajjiotest" name="CreateOrginasationTest" time="31.665"/>
  <system-out/>
</testsuite> <!-- Basic.Ajjiotest -->
