<?xml version="1.0" encoding="UTF-8"?>
<!-- Generated by org.testng.reporters.JUnitReportReporter -->
<testsuite hostname="Sachin" failures="0" tests="1" name="Basic.OrginisationTest" time="9.781" errors="0" timestamp="2024-03-16T13:58:31 IST" skipped="0">
  <testcase classname="Basic.OrginisationTest" name="CreateOrginasationTest" time="9.781"/>
  <system-out/>
</testsuite> <!-- Basic.OrginisationTest -->
